{
  "RSpec": {
    "coverage": {
      "/home/ubuntu/HW4/app/controllers/application_controller.rb": [
        1,
        1,
        null
      ],
      "/home/ubuntu/HW4/app/helpers/application_helper.rb": [
        1,
        null
      ],
      "/home/ubuntu/HW4/app/helpers/movies_helper.rb": [
        1,
        null,
        1,
        0,
        null,
        null
      ],
      "/home/ubuntu/HW4/app/controllers/movies_controller.rb": [
        1,
        null,
        1,
        0,
        0,
        null,
        null,
        null,
        1,
        5,
        5,
        2,
        2,
        2,
        3,
        null,
        null,
        1,
        0,
        0,
        null,
        0,
        null,
        0,
        null,
        0,
        0,
        null,
        0,
        0,
        null,
        null,
        0,
        0,
        0,
        0,
        null,
        0,
        null,
        null,
        1,
        null,
        null,
        null,
        1,
        0,
        0,
        0,
        null,
        null,
        1,
        0,
        null,
        null,
        1,
        0,
        0,
        0,
        0,
        null,
        null,
        1,
        0,
        0,
        0,
        0,
        null,
        null,
        null
      ],
      "/home/ubuntu/HW4/app/models/movie.rb": [
        1,
        1,
        0,
        null,
        1,
        3,
        3,
        1,
        null,
        2,
        null,
        null,
        null
      ]
    },
    "timestamp": 1364582929
  },
  "Cucumber Features": {
    "coverage": {
      "/home/ubuntu/HW4/app/controllers/application_controller.rb": [
        1,
        1,
        null
      ],
      "/home/ubuntu/HW4/app/helpers/application_helper.rb": [
        1,
        null
      ],
      "/home/ubuntu/HW4/app/helpers/movies_helper.rb": [
        1,
        null,
        1,
        0,
        null,
        null
      ],
      "/home/ubuntu/HW4/app/controllers/movies_controller.rb": [
        1,
        null,
        1,
        7,
        7,
        null,
        null,
        null,
        1,
        2,
        2,
        1,
        1,
        1,
        1,
        null,
        null,
        1,
        24,
        24,
        null,
        2,
        null,
        2,
        null,
        24,
        24,
        null,
        24,
        80,
        null,
        null,
        24,
        4,
        4,
        4,
        null,
        20,
        null,
        null,
        1,
        null,
        null,
        null,
        1,
        3,
        3,
        3,
        null,
        null,
        1,
        2,
        null,
        null,
        1,
        2,
        2,
        2,
        2,
        null,
        null,
        1,
        0,
        0,
        0,
        0,
        null,
        null,
        null
      ],
      "/home/ubuntu/HW4/app/models/movie.rb": [
        1,
        1,
        25,
        null,
        1,
        2,
        2,
        1,
        null,
        1,
        null,
        null,
        null
      ]
    },
    "timestamp": 1364582887
  }
}
